The target system is: Generic -  - avr
The host system is: Linux - 4.1.36-44-default - x86_64
Compiling the CXX compiler identification source file "CMakeCXXCompilerId.cpp" succeeded.
Compiler: /usr/bin/avr-g++ 
Build flags: 
Id flags: 

The output was:
0
/usr/bin/avr-ld: warning: -z relro ignored.


Compilation of the CXX compiler identification source "CMakeCXXCompilerId.cpp" produced "a.out"

The CXX compiler identification is GNU, found in "/nfs/s-l011/local/vol01/j/jjbiggins/cie/GroupA17/homework/hw3/cmake-build-debug/CMakeFiles/3.6.3/CompilerIdCXX/a.out"

Compiling the C compiler identification source file "CMakeCCompilerId.c" succeeded.
Compiler: /usr/bin/avr-gcc 
Build flags: 
Id flags: 

The output was:
0
/usr/bin/avr-ld: warning: -z relro ignored.


Compilation of the C compiler identification source "CMakeCCompilerId.c" produced "a.out"

The C compiler identification is GNU, found in "/nfs/s-l011/local/vol01/j/jjbiggins/cie/GroupA17/homework/hw3/cmake-build-debug/CMakeFiles/3.6.3/CompilerIdC/a.out"

Determining if the CXX compiler works passed with the following output:
Change Dir: /nfs/s-l011/local/vol01/j/jjbiggins/cie/GroupA17/homework/hw3/cmake-build-debug/CMakeFiles/CMakeTmp

Run Build Command:"/usr/bin/gmake" "cmTC_03085/fast"
/usr/bin/gmake -f CMakeFiles/cmTC_03085.dir/build.make CMakeFiles/cmTC_03085.dir/build
gmake[1]: Entering directory '/nfs/s-l011/local/vol01/j/jjbiggins/cie/GroupA17/homework/hw3/cmake-build-debug/CMakeFiles/CMakeTmp'
Building CXX object CMakeFiles/cmTC_03085.dir/testCXXCompiler.cxx.obj
/usr/bin/avr-g++      -o CMakeFiles/cmTC_03085.dir/testCXXCompiler.cxx.obj -c /nfs/s-l011/local/vol01/j/jjbiggins/cie/GroupA17/homework/hw3/cmake-build-debug/CMakeFiles/CMakeTmp/testCXXCompiler.cxx
Linking CXX executable cmTC_03085
/nfs/s-l003/local/vol01/usr/css/x86_64/opt/jetbrains/clion-2016.3.2/bin/cmake/bin/cmake -E cmake_link_script CMakeFiles/cmTC_03085.dir/link.txt --verbose=1
/usr/bin/avr-g++        CMakeFiles/cmTC_03085.dir/testCXXCompiler.cxx.obj  -o cmTC_03085 
/usr/bin/avr-ld: warning: -z relro ignored.
gmake[1]: Leaving directory '/nfs/s-l011/local/vol01/j/jjbiggins/cie/GroupA17/homework/hw3/cmake-build-debug/CMakeFiles/CMakeTmp'


Detecting CXX compiler ABI info compiled with the following output:
Change Dir: /nfs/s-l011/local/vol01/j/jjbiggins/cie/GroupA17/homework/hw3/cmake-build-debug/CMakeFiles/CMakeTmp

Run Build Command:"/usr/bin/gmake" "cmTC_e3473/fast"
/usr/bin/gmake -f CMakeFiles/cmTC_e3473.dir/build.make CMakeFiles/cmTC_e3473.dir/build
gmake[1]: Entering directory '/nfs/s-l011/local/vol01/j/jjbiggins/cie/GroupA17/homework/hw3/cmake-build-debug/CMakeFiles/CMakeTmp'
Building CXX object CMakeFiles/cmTC_e3473.dir/CMakeCXXCompilerABI.cpp.obj
/usr/bin/avr-g++      -o CMakeFiles/cmTC_e3473.dir/CMakeCXXCompilerABI.cpp.obj -c /nfs/s-l003/local/vol01/usr/css/x86_64/opt/jetbrains/clion-2016.3.2/bin/cmake/share/cmake-3.6/Modules/CMakeCXXCompilerABI.cpp
Linking CXX executable cmTC_e3473
/nfs/s-l003/local/vol01/usr/css/x86_64/opt/jetbrains/clion-2016.3.2/bin/cmake/bin/cmake -E cmake_link_script CMakeFiles/cmTC_e3473.dir/link.txt --verbose=1
/usr/bin/avr-g++       -v CMakeFiles/cmTC_e3473.dir/CMakeCXXCompilerABI.cpp.obj  -o cmTC_e3473  
Using built-in specs.
COLLECT_GCC=/opt/cross/avr/bin/avr-g++
COLLECT_LTO_WRAPPER=/opt/cross/avr/libexec/gcc/avr/4.8.3/lto-wrapper
Target: avr
Configured with: ../gcc-4.8.3/configure -v --target=avr --disable-nls --mandir=/opt/cross/avr/share/man --infodir=/opt/cross/avr/share/info --program-prefix=avr- --prefix=/opt/cross/avr --with-gnu-ld --with-gnu-as --enable-languages=c,c++ --disable-libssp --with-dwarf2
Thread model: single
gcc version 4.8.3 (GCC) 
COMPILER_PATH=/opt/cross/avr/libexec/gcc/avr/4.8.3/:/opt/cross/avr/libexec/gcc/avr/4.8.3/:/opt/cross/avr/libexec/gcc/avr/:/opt/cross/avr/lib/gcc/avr/4.8.3/:/opt/cross/avr/lib/gcc/avr/
LIBRARY_PATH=/opt/cross/avr/lib/gcc/avr/4.8.3/:/opt/cross/avr/lib/gcc/avr/4.8.3/../../../../avr/lib/
COLLECT_GCC_OPTIONS='-v' '-o' 'cmTC_e3473'
 /opt/cross/avr/libexec/gcc/avr/4.8.3/collect2 -o cmTC_e3473 -L/opt/cross/avr/lib/gcc/avr/4.8.3 -L/opt/cross/avr/lib/gcc/avr/4.8.3/../../../../avr/lib CMakeFiles/cmTC_e3473.dir/CMakeCXXCompilerABI.cpp.obj -lgcc -lm --start-group -lgcc -lm -lc --end-group
/usr/bin/avr-ld: warning: -z relro ignored.
gmake[1]: Leaving directory '/nfs/s-l011/local/vol01/j/jjbiggins/cie/GroupA17/homework/hw3/cmake-build-debug/CMakeFiles/CMakeTmp'


Parsed CXX implicit link information from above output:
  link line regex: [^( *|.*[/\])(avr-ld|([^/\]+-)?ld|collect2)[^/\]*( |$)]
  ignore line: [Change Dir: /nfs/s-l011/local/vol01/j/jjbiggins/cie/GroupA17/homework/hw3/cmake-build-debug/CMakeFiles/CMakeTmp]
  ignore line: []
  ignore line: [Run Build Command:"/usr/bin/gmake" "cmTC_e3473/fast"]
  ignore line: [/usr/bin/gmake -f CMakeFiles/cmTC_e3473.dir/build.make CMakeFiles/cmTC_e3473.dir/build]
  ignore line: [gmake[1]: Entering directory '/nfs/s-l011/local/vol01/j/jjbiggins/cie/GroupA17/homework/hw3/cmake-build-debug/CMakeFiles/CMakeTmp']
  ignore line: [Building CXX object CMakeFiles/cmTC_e3473.dir/CMakeCXXCompilerABI.cpp.obj]
  ignore line: [/usr/bin/avr-g++      -o CMakeFiles/cmTC_e3473.dir/CMakeCXXCompilerABI.cpp.obj -c /nfs/s-l003/local/vol01/usr/css/x86_64/opt/jetbrains/clion-2016.3.2/bin/cmake/share/cmake-3.6/Modules/CMakeCXXCompilerABI.cpp]
  ignore line: [Linking CXX executable cmTC_e3473]
  ignore line: [/nfs/s-l003/local/vol01/usr/css/x86_64/opt/jetbrains/clion-2016.3.2/bin/cmake/bin/cmake -E cmake_link_script CMakeFiles/cmTC_e3473.dir/link.txt --verbose=1]
  ignore line: [/usr/bin/avr-g++       -v CMakeFiles/cmTC_e3473.dir/CMakeCXXCompilerABI.cpp.obj  -o cmTC_e3473  ]
  ignore line: [Using built-in specs.]
  ignore line: [COLLECT_GCC=/opt/cross/avr/bin/avr-g++]
  ignore line: [COLLECT_LTO_WRAPPER=/opt/cross/avr/libexec/gcc/avr/4.8.3/lto-wrapper]
  ignore line: [Target: avr]
  ignore line: [Configured with: ../gcc-4.8.3/configure -v --target=avr --disable-nls --mandir=/opt/cross/avr/share/man --infodir=/opt/cross/avr/share/info --program-prefix=avr- --prefix=/opt/cross/avr --with-gnu-ld --with-gnu-as --enable-languages=c,c++ --disable-libssp --with-dwarf2]
  ignore line: [Thread model: single]
  ignore line: [gcc version 4.8.3 (GCC) ]
  ignore line: [COMPILER_PATH=/opt/cross/avr/libexec/gcc/avr/4.8.3/:/opt/cross/avr/libexec/gcc/avr/4.8.3/:/opt/cross/avr/libexec/gcc/avr/:/opt/cross/avr/lib/gcc/avr/4.8.3/:/opt/cross/avr/lib/gcc/avr/]
  ignore line: [LIBRARY_PATH=/opt/cross/avr/lib/gcc/avr/4.8.3/:/opt/cross/avr/lib/gcc/avr/4.8.3/../../../../avr/lib/]
  ignore line: [COLLECT_GCC_OPTIONS='-v' '-o' 'cmTC_e3473']
  link line: [ /opt/cross/avr/libexec/gcc/avr/4.8.3/collect2 -o cmTC_e3473 -L/opt/cross/avr/lib/gcc/avr/4.8.3 -L/opt/cross/avr/lib/gcc/avr/4.8.3/../../../../avr/lib CMakeFiles/cmTC_e3473.dir/CMakeCXXCompilerABI.cpp.obj -lgcc -lm --start-group -lgcc -lm -lc --end-group]
    arg [/opt/cross/avr/libexec/gcc/avr/4.8.3/collect2] ==> ignore
    arg [-o] ==> ignore
    arg [cmTC_e3473] ==> ignore
    arg [-L/opt/cross/avr/lib/gcc/avr/4.8.3] ==> dir [/opt/cross/avr/lib/gcc/avr/4.8.3]
    arg [-L/opt/cross/avr/lib/gcc/avr/4.8.3/../../../../avr/lib] ==> dir [/opt/cross/avr/lib/gcc/avr/4.8.3/../../../../avr/lib]
    arg [CMakeFiles/cmTC_e3473.dir/CMakeCXXCompilerABI.cpp.obj] ==> ignore
    arg [-lgcc] ==> lib [gcc]
    arg [-lm] ==> lib [m]
    arg [--start-group] ==> ignore
    arg [-lgcc] ==> lib [gcc]
    arg [-lm] ==> lib [m]
    arg [-lc] ==> lib [c]
    arg [--end-group] ==> ignore
  remove lib [gcc]
  remove lib [gcc]
  collapse library dir [/opt/cross/avr/lib/gcc/avr/4.8.3] ==> [/opt/cross/avr/lib/gcc/avr/4.8.3]
  collapse library dir [/opt/cross/avr/lib/gcc/avr/4.8.3/../../../../avr/lib] ==> [/opt/cross/avr/avr/lib]
  implicit libs: [m;m;c]
  implicit dirs: [/opt/cross/avr/lib/gcc/avr/4.8.3;/opt/cross/avr/avr/lib]
  implicit fwks: []




Detecting CXX [-std=c++1y] compiler features compiled with the following output:
Change Dir: /nfs/s-l011/local/vol01/j/jjbiggins/cie/GroupA17/homework/hw3/cmake-build-debug/CMakeFiles/CMakeTmp

Run Build Command:"/usr/bin/gmake" "cmTC_80195/fast"
/usr/bin/gmake -f CMakeFiles/cmTC_80195.dir/build.make CMakeFiles/cmTC_80195.dir/build
gmake[1]: Entering directory '/nfs/s-l011/local/vol01/j/jjbiggins/cie/GroupA17/homework/hw3/cmake-build-debug/CMakeFiles/CMakeTmp'
Building CXX object CMakeFiles/cmTC_80195.dir/feature_tests.cxx.obj
/usr/bin/avr-g++     -std=c++1y -o CMakeFiles/cmTC_80195.dir/feature_tests.cxx.obj -c /nfs/s-l011/local/vol01/j/jjbiggins/cie/GroupA17/homework/hw3/cmake-build-debug/CMakeFiles/feature_tests.cxx
Linking CXX executable cmTC_80195
/nfs/s-l003/local/vol01/usr/css/x86_64/opt/jetbrains/clion-2016.3.2/bin/cmake/bin/cmake -E cmake_link_script CMakeFiles/cmTC_80195.dir/link.txt --verbose=1
/usr/bin/avr-g++        CMakeFiles/cmTC_80195.dir/feature_tests.cxx.obj  -o cmTC_80195 
/usr/bin/avr-ld: warning: -z relro ignored.
gmake[1]: Leaving directory '/nfs/s-l011/local/vol01/j/jjbiggins/cie/GroupA17/homework/hw3/cmake-build-debug/CMakeFiles/CMakeTmp'


    Feature record: CXX_FEATURE:0cxx_aggregate_default_initializers
    Feature record: CXX_FEATURE:1cxx_alias_templates
    Feature record: CXX_FEATURE:1cxx_alignas
    Feature record: CXX_FEATURE:1cxx_alignof
    Feature record: CXX_FEATURE:1cxx_attributes
    Feature record: CXX_FEATURE:0cxx_attribute_deprecated
    Feature record: CXX_FEATURE:1cxx_auto_type
    Feature record: CXX_FEATURE:0cxx_binary_literals
    Feature record: CXX_FEATURE:1cxx_constexpr
    Feature record: CXX_FEATURE:0cxx_contextual_conversions
    Feature record: CXX_FEATURE:1cxx_decltype
    Feature record: CXX_FEATURE:0cxx_decltype_auto
    Feature record: CXX_FEATURE:1cxx_decltype_incomplete_return_types
    Feature record: CXX_FEATURE:1cxx_default_function_template_args
    Feature record: CXX_FEATURE:1cxx_defaulted_functions
    Feature record: CXX_FEATURE:1cxx_defaulted_move_initializers
    Feature record: CXX_FEATURE:1cxx_delegating_constructors
    Feature record: CXX_FEATURE:1cxx_deleted_functions
    Feature record: CXX_FEATURE:0cxx_digit_separators
    Feature record: CXX_FEATURE:1cxx_enum_forward_declarations
    Feature record: CXX_FEATURE:1cxx_explicit_conversions
    Feature record: CXX_FEATURE:1cxx_extended_friend_declarations
    Feature record: CXX_FEATURE:1cxx_extern_templates
    Feature record: CXX_FEATURE:1cxx_final
    Feature record: CXX_FEATURE:1cxx_func_identifier
    Feature record: CXX_FEATURE:1cxx_generalized_initializers
    Feature record: CXX_FEATURE:0cxx_generic_lambdas
    Feature record: CXX_FEATURE:1cxx_inheriting_constructors
    Feature record: CXX_FEATURE:1cxx_inline_namespaces
    Feature record: CXX_FEATURE:1cxx_lambdas
    Feature record: CXX_FEATURE:0cxx_lambda_init_captures
    Feature record: CXX_FEATURE:1cxx_local_type_template_args
    Feature record: CXX_FEATURE:1cxx_long_long_type
    Feature record: CXX_FEATURE:1cxx_noexcept
    Feature record: CXX_FEATURE:1cxx_nonstatic_member_init
    Feature record: CXX_FEATURE:1cxx_nullptr
    Feature record: CXX_FEATURE:1cxx_override
    Feature record: CXX_FEATURE:1cxx_range_for
    Feature record: CXX_FEATURE:1cxx_raw_string_literals
    Feature record: CXX_FEATURE:1cxx_reference_qualified_functions
    Feature record: CXX_FEATURE:0cxx_relaxed_constexpr
    Feature record: CXX_FEATURE:0cxx_return_type_deduction
    Feature record: CXX_FEATURE:1cxx_right_angle_brackets
    Feature record: CXX_FEATURE:1cxx_rvalue_references
    Feature record: CXX_FEATURE:1cxx_sizeof_member
    Feature record: CXX_FEATURE:1cxx_static_assert
    Feature record: CXX_FEATURE:1cxx_strong_enums
    Feature record: CXX_FEATURE:1cxx_template_template_parameters
    Feature record: CXX_FEATURE:1cxx_thread_local
    Feature record: CXX_FEATURE:1cxx_trailing_return_types
    Feature record: CXX_FEATURE:1cxx_unicode_literals
    Feature record: CXX_FEATURE:1cxx_uniform_initialization
    Feature record: CXX_FEATURE:1cxx_unrestricted_unions
    Feature record: CXX_FEATURE:1cxx_user_literals
    Feature record: CXX_FEATURE:0cxx_variable_templates
    Feature record: CXX_FEATURE:1cxx_variadic_macros
    Feature record: CXX_FEATURE:1cxx_variadic_templates


Detecting CXX [-std=c++11] compiler features compiled with the following output:
Change Dir: /nfs/s-l011/local/vol01/j/jjbiggins/cie/GroupA17/homework/hw3/cmake-build-debug/CMakeFiles/CMakeTmp

Run Build Command:"/usr/bin/gmake" "cmTC_3f712/fast"
/usr/bin/gmake -f CMakeFiles/cmTC_3f712.dir/build.make CMakeFiles/cmTC_3f712.dir/build
gmake[1]: Entering directory '/nfs/s-l011/local/vol01/j/jjbiggins/cie/GroupA17/homework/hw3/cmake-build-debug/CMakeFiles/CMakeTmp'
Building CXX object CMakeFiles/cmTC_3f712.dir/feature_tests.cxx.obj
/usr/bin/avr-g++     -std=c++11 -o CMakeFiles/cmTC_3f712.dir/feature_tests.cxx.obj -c /nfs/s-l011/local/vol01/j/jjbiggins/cie/GroupA17/homework/hw3/cmake-build-debug/CMakeFiles/feature_tests.cxx
Linking CXX executable cmTC_3f712
/nfs/s-l003/local/vol01/usr/css/x86_64/opt/jetbrains/clion-2016.3.2/bin/cmake/bin/cmake -E cmake_link_script CMakeFiles/cmTC_3f712.dir/link.txt --verbose=1
/usr/bin/avr-g++        CMakeFiles/cmTC_3f712.dir/feature_tests.cxx.obj  -o cmTC_3f712 
/usr/bin/avr-ld: warning: -z relro ignored.
gmake[1]: Leaving directory '/nfs/s-l011/local/vol01/j/jjbiggins/cie/GroupA17/homework/hw3/cmake-build-debug/CMakeFiles/CMakeTmp'


    Feature record: CXX_FEATURE:0cxx_aggregate_default_initializers
    Feature record: CXX_FEATURE:1cxx_alias_templates
    Feature record: CXX_FEATURE:1cxx_alignas
    Feature record: CXX_FEATURE:1cxx_alignof
    Feature record: CXX_FEATURE:1cxx_attributes
    Feature record: CXX_FEATURE:0cxx_attribute_deprecated
    Feature record: CXX_FEATURE:1cxx_auto_type
    Feature record: CXX_FEATURE:0cxx_binary_literals
    Feature record: CXX_FEATURE:1cxx_constexpr
    Feature record: CXX_FEATURE:0cxx_contextual_conversions
    Feature record: CXX_FEATURE:1cxx_decltype
    Feature record: CXX_FEATURE:0cxx_decltype_auto
    Feature record: CXX_FEATURE:1cxx_decltype_incomplete_return_types
    Feature record: CXX_FEATURE:1cxx_default_function_template_args
    Feature record: CXX_FEATURE:1cxx_defaulted_functions
    Feature record: CXX_FEATURE:1cxx_defaulted_move_initializers
    Feature record: CXX_FEATURE:1cxx_delegating_constructors
    Feature record: CXX_FEATURE:1cxx_deleted_functions
    Feature record: CXX_FEATURE:0cxx_digit_separators
    Feature record: CXX_FEATURE:1cxx_enum_forward_declarations
    Feature record: CXX_FEATURE:1cxx_explicit_conversions
    Feature record: CXX_FEATURE:1cxx_extended_friend_declarations
    Feature record: CXX_FEATURE:1cxx_extern_templates
    Feature record: CXX_FEATURE:1cxx_final
    Feature record: CXX_FEATURE:1cxx_func_identifier
    Feature record: CXX_FEATURE:1cxx_generalized_initializers
    Feature record: CXX_FEATURE:0cxx_generic_lambdas
    Feature record: CXX_FEATURE:1cxx_inheriting_constructors
    Feature record: CXX_FEATURE:1cxx_inline_namespaces
    Feature record: CXX_FEATURE:1cxx_lambdas
    Feature record: CXX_FEATURE:0cxx_lambda_init_captures
    Feature record: CXX_FEATURE:1cxx_local_type_template_args
    Feature record: CXX_FEATURE:1cxx_long_long_type
    Feature record: CXX_FEATURE:1cxx_noexcept
    Feature record: CXX_FEATURE:1cxx_nonstatic_member_init
    Feature record: CXX_FEATURE:1cxx_nullptr
    Feature record: CXX_FEATURE:1cxx_override
    Feature record: CXX_FEATURE:1cxx_range_for
    Feature record: CXX_FEATURE:1cxx_raw_string_literals
    Feature record: CXX_FEATURE:1cxx_reference_qualified_functions
    Feature record: CXX_FEATURE:0cxx_relaxed_constexpr
    Feature record: CXX_FEATURE:0cxx_return_type_deduction
    Feature record: CXX_FEATURE:1cxx_right_angle_brackets
    Feature record: CXX_FEATURE:1cxx_rvalue_references
    Feature record: CXX_FEATURE:1cxx_sizeof_member
    Feature record: CXX_FEATURE:1cxx_static_assert
    Feature record: CXX_FEATURE:1cxx_strong_enums
    Feature record: CXX_FEATURE:1cxx_template_template_parameters
    Feature record: CXX_FEATURE:1cxx_thread_local
    Feature record: CXX_FEATURE:1cxx_trailing_return_types
    Feature record: CXX_FEATURE:1cxx_unicode_literals
    Feature record: CXX_FEATURE:1cxx_uniform_initialization
    Feature record: CXX_FEATURE:1cxx_unrestricted_unions
    Feature record: CXX_FEATURE:1cxx_user_literals
    Feature record: CXX_FEATURE:0cxx_variable_templates
    Feature record: CXX_FEATURE:1cxx_variadic_macros
    Feature record: CXX_FEATURE:1cxx_variadic_templates


Detecting CXX [-std=c++98] compiler features compiled with the following output:
Change Dir: /nfs/s-l011/local/vol01/j/jjbiggins/cie/GroupA17/homework/hw3/cmake-build-debug/CMakeFiles/CMakeTmp

Run Build Command:"/usr/bin/gmake" "cmTC_99d23/fast"
/usr/bin/gmake -f CMakeFiles/cmTC_99d23.dir/build.make CMakeFiles/cmTC_99d23.dir/build
gmake[1]: Entering directory '/nfs/s-l011/local/vol01/j/jjbiggins/cie/GroupA17/homework/hw3/cmake-build-debug/CMakeFiles/CMakeTmp'
Building CXX object CMakeFiles/cmTC_99d23.dir/feature_tests.cxx.obj
/usr/bin/avr-g++     -std=c++98 -o CMakeFiles/cmTC_99d23.dir/feature_tests.cxx.obj -c /nfs/s-l011/local/vol01/j/jjbiggins/cie/GroupA17/homework/hw3/cmake-build-debug/CMakeFiles/feature_tests.cxx
Linking CXX executable cmTC_99d23
/nfs/s-l003/local/vol01/usr/css/x86_64/opt/jetbrains/clion-2016.3.2/bin/cmake/bin/cmake -E cmake_link_script CMakeFiles/cmTC_99d23.dir/link.txt --verbose=1
/usr/bin/avr-g++        CMakeFiles/cmTC_99d23.dir/feature_tests.cxx.obj  -o cmTC_99d23 
/usr/bin/avr-ld: warning: -z relro ignored.
gmake[1]: Leaving directory '/nfs/s-l011/local/vol01/j/jjbiggins/cie/GroupA17/homework/hw3/cmake-build-debug/CMakeFiles/CMakeTmp'


    Feature record: CXX_FEATURE:0cxx_aggregate_default_initializers
    Feature record: CXX_FEATURE:0cxx_alias_templates
    Feature record: CXX_FEATURE:0cxx_alignas
    Feature record: CXX_FEATURE:0cxx_alignof
    Feature record: CXX_FEATURE:0cxx_attributes
    Feature record: CXX_FEATURE:0cxx_attribute_deprecated
    Feature record: CXX_FEATURE:0cxx_auto_type
    Feature record: CXX_FEATURE:0cxx_binary_literals
    Feature record: CXX_FEATURE:0cxx_constexpr
    Feature record: CXX_FEATURE:0cxx_contextual_conversions
    Feature record: CXX_FEATURE:0cxx_decltype
    Feature record: CXX_FEATURE:0cxx_decltype_auto
    Feature record: CXX_FEATURE:0cxx_decltype_incomplete_return_types
    Feature record: CXX_FEATURE:0cxx_default_function_template_args
    Feature record: CXX_FEATURE:0cxx_defaulted_functions
    Feature record: CXX_FEATURE:0cxx_defaulted_move_initializers
    Feature record: CXX_FEATURE:0cxx_delegating_constructors
    Feature record: CXX_FEATURE:0cxx_deleted_functions
    Feature record: CXX_FEATURE:0cxx_digit_separators
    Feature record: CXX_FEATURE:0cxx_enum_forward_declarations
    Feature record: CXX_FEATURE:0cxx_explicit_conversions
    Feature record: CXX_FEATURE:0cxx_extended_friend_declarations
    Feature record: CXX_FEATURE:0cxx_extern_templates
    Feature record: CXX_FEATURE:0cxx_final
    Feature record: CXX_FEATURE:0cxx_func_identifier
    Feature record: CXX_FEATURE:0cxx_generalized_initializers
    Feature record: CXX_FEATURE:0cxx_generic_lambdas
    Feature record: CXX_FEATURE:0cxx_inheriting_constructors
    Feature record: CXX_FEATURE:0cxx_inline_namespaces
    Feature record: CXX_FEATURE:0cxx_lambdas
    Feature record: CXX_FEATURE:0cxx_lambda_init_captures
    Feature record: CXX_FEATURE:0cxx_local_type_template_args
    Feature record: CXX_FEATURE:0cxx_long_long_type
    Feature record: CXX_FEATURE:0cxx_noexcept
    Feature record: CXX_FEATURE:0cxx_nonstatic_member_init
    Feature record: CXX_FEATURE:0cxx_nullptr
    Feature record: CXX_FEATURE:0cxx_override
    Feature record: CXX_FEATURE:0cxx_range_for
    Feature record: CXX_FEATURE:0cxx_raw_string_literals
    Feature record: CXX_FEATURE:0cxx_reference_qualified_functions
    Feature record: CXX_FEATURE:0cxx_relaxed_constexpr
    Feature record: CXX_FEATURE:0cxx_return_type_deduction
    Feature record: CXX_FEATURE:0cxx_right_angle_brackets
    Feature record: CXX_FEATURE:0cxx_rvalue_references
    Feature record: CXX_FEATURE:0cxx_sizeof_member
    Feature record: CXX_FEATURE:0cxx_static_assert
    Feature record: CXX_FEATURE:0cxx_strong_enums
    Feature record: CXX_FEATURE:1cxx_template_template_parameters
    Feature record: CXX_FEATURE:0cxx_thread_local
    Feature record: CXX_FEATURE:0cxx_trailing_return_types
    Feature record: CXX_FEATURE:0cxx_unicode_literals
    Feature record: CXX_FEATURE:0cxx_uniform_initialization
    Feature record: CXX_FEATURE:0cxx_unrestricted_unions
    Feature record: CXX_FEATURE:0cxx_user_literals
    Feature record: CXX_FEATURE:0cxx_variable_templates
    Feature record: CXX_FEATURE:0cxx_variadic_macros
    Feature record: CXX_FEATURE:0cxx_variadic_templates
Determining if the C compiler works passed with the following output:
Change Dir: /nfs/s-l011/local/vol01/j/jjbiggins/cie/GroupA17/homework/hw3/cmake-build-debug/CMakeFiles/CMakeTmp

Run Build Command:"/usr/bin/gmake" "cmTC_194ae/fast"
/usr/bin/gmake -f CMakeFiles/cmTC_194ae.dir/build.make CMakeFiles/cmTC_194ae.dir/build
gmake[1]: Entering directory '/nfs/s-l011/local/vol01/j/jjbiggins/cie/GroupA17/homework/hw3/cmake-build-debug/CMakeFiles/CMakeTmp'
Building C object CMakeFiles/cmTC_194ae.dir/testCCompiler.c.obj
/usr/bin/avr-gcc     -o CMakeFiles/cmTC_194ae.dir/testCCompiler.c.obj   -c /nfs/s-l011/local/vol01/j/jjbiggins/cie/GroupA17/homework/hw3/cmake-build-debug/CMakeFiles/CMakeTmp/testCCompiler.c
Linking C executable cmTC_194ae
/nfs/s-l003/local/vol01/usr/css/x86_64/opt/jetbrains/clion-2016.3.2/bin/cmake/bin/cmake -E cmake_link_script CMakeFiles/cmTC_194ae.dir/link.txt --verbose=1
/usr/bin/avr-gcc       CMakeFiles/cmTC_194ae.dir/testCCompiler.c.obj  -o cmTC_194ae 
/usr/bin/avr-ld: warning: -z relro ignored.
gmake[1]: Leaving directory '/nfs/s-l011/local/vol01/j/jjbiggins/cie/GroupA17/homework/hw3/cmake-build-debug/CMakeFiles/CMakeTmp'


Detecting C compiler ABI info compiled with the following output:
Change Dir: /nfs/s-l011/local/vol01/j/jjbiggins/cie/GroupA17/homework/hw3/cmake-build-debug/CMakeFiles/CMakeTmp

Run Build Command:"/usr/bin/gmake" "cmTC_531cc/fast"
/usr/bin/gmake -f CMakeFiles/cmTC_531cc.dir/build.make CMakeFiles/cmTC_531cc.dir/build
gmake[1]: Entering directory '/nfs/s-l011/local/vol01/j/jjbiggins/cie/GroupA17/homework/hw3/cmake-build-debug/CMakeFiles/CMakeTmp'
Building C object CMakeFiles/cmTC_531cc.dir/CMakeCCompilerABI.c.obj
/usr/bin/avr-gcc     -o CMakeFiles/cmTC_531cc.dir/CMakeCCompilerABI.c.obj   -c /nfs/s-l003/local/vol01/usr/css/x86_64/opt/jetbrains/clion-2016.3.2/bin/cmake/share/cmake-3.6/Modules/CMakeCCompilerABI.c
Linking C executable cmTC_531cc
/nfs/s-l003/local/vol01/usr/css/x86_64/opt/jetbrains/clion-2016.3.2/bin/cmake/bin/cmake -E cmake_link_script CMakeFiles/cmTC_531cc.dir/link.txt --verbose=1
/usr/bin/avr-gcc      -v CMakeFiles/cmTC_531cc.dir/CMakeCCompilerABI.c.obj  -o cmTC_531cc  
Using built-in specs.
COLLECT_GCC=/opt/cross/avr/bin/avr-gcc
COLLECT_LTO_WRAPPER=/opt/cross/avr/libexec/gcc/avr/4.8.3/lto-wrapper
Target: avr
Configured with: ../gcc-4.8.3/configure -v --target=avr --disable-nls --mandir=/opt/cross/avr/share/man --infodir=/opt/cross/avr/share/info --program-prefix=avr- --prefix=/opt/cross/avr --with-gnu-ld --with-gnu-as --enable-languages=c,c++ --disable-libssp --with-dwarf2
Thread model: single
gcc version 4.8.3 (GCC) 
COMPILER_PATH=/opt/cross/avr/libexec/gcc/avr/4.8.3/:/opt/cross/avr/libexec/gcc/avr/4.8.3/:/opt/cross/avr/libexec/gcc/avr/:/opt/cross/avr/lib/gcc/avr/4.8.3/:/opt/cross/avr/lib/gcc/avr/
LIBRARY_PATH=/opt/cross/avr/lib/gcc/avr/4.8.3/:/opt/cross/avr/lib/gcc/avr/4.8.3/../../../../avr/lib/
COLLECT_GCC_OPTIONS='-v' '-o' 'cmTC_531cc'
 /opt/cross/avr/libexec/gcc/avr/4.8.3/collect2 -o cmTC_531cc -L/opt/cross/avr/lib/gcc/avr/4.8.3 -L/opt/cross/avr/lib/gcc/avr/4.8.3/../../../../avr/lib CMakeFiles/cmTC_531cc.dir/CMakeCCompilerABI.c.obj --start-group -lgcc -lm -lc --end-group
/usr/bin/avr-ld: warning: -z relro ignored.
gmake[1]: Leaving directory '/nfs/s-l011/local/vol01/j/jjbiggins/cie/GroupA17/homework/hw3/cmake-build-debug/CMakeFiles/CMakeTmp'


Parsed C implicit link information from above output:
  link line regex: [^( *|.*[/\])(avr-ld|([^/\]+-)?ld|collect2)[^/\]*( |$)]
  ignore line: [Change Dir: /nfs/s-l011/local/vol01/j/jjbiggins/cie/GroupA17/homework/hw3/cmake-build-debug/CMakeFiles/CMakeTmp]
  ignore line: []
  ignore line: [Run Build Command:"/usr/bin/gmake" "cmTC_531cc/fast"]
  ignore line: [/usr/bin/gmake -f CMakeFiles/cmTC_531cc.dir/build.make CMakeFiles/cmTC_531cc.dir/build]
  ignore line: [gmake[1]: Entering directory '/nfs/s-l011/local/vol01/j/jjbiggins/cie/GroupA17/homework/hw3/cmake-build-debug/CMakeFiles/CMakeTmp']
  ignore line: [Building C object CMakeFiles/cmTC_531cc.dir/CMakeCCompilerABI.c.obj]
  ignore line: [/usr/bin/avr-gcc     -o CMakeFiles/cmTC_531cc.dir/CMakeCCompilerABI.c.obj   -c /nfs/s-l003/local/vol01/usr/css/x86_64/opt/jetbrains/clion-2016.3.2/bin/cmake/share/cmake-3.6/Modules/CMakeCCompilerABI.c]
  ignore line: [Linking C executable cmTC_531cc]
  ignore line: [/nfs/s-l003/local/vol01/usr/css/x86_64/opt/jetbrains/clion-2016.3.2/bin/cmake/bin/cmake -E cmake_link_script CMakeFiles/cmTC_531cc.dir/link.txt --verbose=1]
  ignore line: [/usr/bin/avr-gcc      -v CMakeFiles/cmTC_531cc.dir/CMakeCCompilerABI.c.obj  -o cmTC_531cc  ]
  ignore line: [Using built-in specs.]
  ignore line: [COLLECT_GCC=/opt/cross/avr/bin/avr-gcc]
  ignore line: [COLLECT_LTO_WRAPPER=/opt/cross/avr/libexec/gcc/avr/4.8.3/lto-wrapper]
  ignore line: [Target: avr]
  ignore line: [Configured with: ../gcc-4.8.3/configure -v --target=avr --disable-nls --mandir=/opt/cross/avr/share/man --infodir=/opt/cross/avr/share/info --program-prefix=avr- --prefix=/opt/cross/avr --with-gnu-ld --with-gnu-as --enable-languages=c,c++ --disable-libssp --with-dwarf2]
  ignore line: [Thread model: single]
  ignore line: [gcc version 4.8.3 (GCC) ]
  ignore line: [COMPILER_PATH=/opt/cross/avr/libexec/gcc/avr/4.8.3/:/opt/cross/avr/libexec/gcc/avr/4.8.3/:/opt/cross/avr/libexec/gcc/avr/:/opt/cross/avr/lib/gcc/avr/4.8.3/:/opt/cross/avr/lib/gcc/avr/]
  ignore line: [LIBRARY_PATH=/opt/cross/avr/lib/gcc/avr/4.8.3/:/opt/cross/avr/lib/gcc/avr/4.8.3/../../../../avr/lib/]
  ignore line: [COLLECT_GCC_OPTIONS='-v' '-o' 'cmTC_531cc']
  link line: [ /opt/cross/avr/libexec/gcc/avr/4.8.3/collect2 -o cmTC_531cc -L/opt/cross/avr/lib/gcc/avr/4.8.3 -L/opt/cross/avr/lib/gcc/avr/4.8.3/../../../../avr/lib CMakeFiles/cmTC_531cc.dir/CMakeCCompilerABI.c.obj --start-group -lgcc -lm -lc --end-group]
    arg [/opt/cross/avr/libexec/gcc/avr/4.8.3/collect2] ==> ignore
    arg [-o] ==> ignore
    arg [cmTC_531cc] ==> ignore
    arg [-L/opt/cross/avr/lib/gcc/avr/4.8.3] ==> dir [/opt/cross/avr/lib/gcc/avr/4.8.3]
    arg [-L/opt/cross/avr/lib/gcc/avr/4.8.3/../../../../avr/lib] ==> dir [/opt/cross/avr/lib/gcc/avr/4.8.3/../../../../avr/lib]
    arg [CMakeFiles/cmTC_531cc.dir/CMakeCCompilerABI.c.obj] ==> ignore
    arg [--start-group] ==> ignore
    arg [-lgcc] ==> lib [gcc]
    arg [-lm] ==> lib [m]
    arg [-lc] ==> lib [c]
    arg [--end-group] ==> ignore
  remove lib [gcc]
  collapse library dir [/opt/cross/avr/lib/gcc/avr/4.8.3] ==> [/opt/cross/avr/lib/gcc/avr/4.8.3]
  collapse library dir [/opt/cross/avr/lib/gcc/avr/4.8.3/../../../../avr/lib] ==> [/opt/cross/avr/avr/lib]
  implicit libs: [m;c]
  implicit dirs: [/opt/cross/avr/lib/gcc/avr/4.8.3;/opt/cross/avr/avr/lib]
  implicit fwks: []




Detecting C [-std=c11] compiler features compiled with the following output:
Change Dir: /nfs/s-l011/local/vol01/j/jjbiggins/cie/GroupA17/homework/hw3/cmake-build-debug/CMakeFiles/CMakeTmp

Run Build Command:"/usr/bin/gmake" "cmTC_96553/fast"
/usr/bin/gmake -f CMakeFiles/cmTC_96553.dir/build.make CMakeFiles/cmTC_96553.dir/build
gmake[1]: Entering directory '/nfs/s-l011/local/vol01/j/jjbiggins/cie/GroupA17/homework/hw3/cmake-build-debug/CMakeFiles/CMakeTmp'
Building C object CMakeFiles/cmTC_96553.dir/feature_tests.c.obj
/usr/bin/avr-gcc    -std=c11 -o CMakeFiles/cmTC_96553.dir/feature_tests.c.obj   -c /nfs/s-l011/local/vol01/j/jjbiggins/cie/GroupA17/homework/hw3/cmake-build-debug/CMakeFiles/feature_tests.c
Linking C executable cmTC_96553
/nfs/s-l003/local/vol01/usr/css/x86_64/opt/jetbrains/clion-2016.3.2/bin/cmake/bin/cmake -E cmake_link_script CMakeFiles/cmTC_96553.dir/link.txt --verbose=1
/usr/bin/avr-gcc       CMakeFiles/cmTC_96553.dir/feature_tests.c.obj  -o cmTC_96553 
/usr/bin/avr-ld: warning: -z relro ignored.
gmake[1]: Leaving directory '/nfs/s-l011/local/vol01/j/jjbiggins/cie/GroupA17/homework/hw3/cmake-build-debug/CMakeFiles/CMakeTmp'


    Feature record: C_FEATURE:1c_function_prototypes
    Feature record: C_FEATURE:1c_restrict
    Feature record: C_FEATURE:1c_static_assert
    Feature record: C_FEATURE:1c_variadic_macros


Detecting C [-std=c99] compiler features compiled with the following output:
Change Dir: /nfs/s-l011/local/vol01/j/jjbiggins/cie/GroupA17/homework/hw3/cmake-build-debug/CMakeFiles/CMakeTmp

Run Build Command:"/usr/bin/gmake" "cmTC_59c6a/fast"
/usr/bin/gmake -f CMakeFiles/cmTC_59c6a.dir/build.make CMakeFiles/cmTC_59c6a.dir/build
gmake[1]: Entering directory '/nfs/s-l011/local/vol01/j/jjbiggins/cie/GroupA17/homework/hw3/cmake-build-debug/CMakeFiles/CMakeTmp'
Building C object CMakeFiles/cmTC_59c6a.dir/feature_tests.c.obj
/usr/bin/avr-gcc    -std=c99 -o CMakeFiles/cmTC_59c6a.dir/feature_tests.c.obj   -c /nfs/s-l011/local/vol01/j/jjbiggins/cie/GroupA17/homework/hw3/cmake-build-debug/CMakeFiles/feature_tests.c
Linking C executable cmTC_59c6a
/nfs/s-l003/local/vol01/usr/css/x86_64/opt/jetbrains/clion-2016.3.2/bin/cmake/bin/cmake -E cmake_link_script CMakeFiles/cmTC_59c6a.dir/link.txt --verbose=1
/usr/bin/avr-gcc       CMakeFiles/cmTC_59c6a.dir/feature_tests.c.obj  -o cmTC_59c6a 
/usr/bin/avr-ld: warning: -z relro ignored.
gmake[1]: Leaving directory '/nfs/s-l011/local/vol01/j/jjbiggins/cie/GroupA17/homework/hw3/cmake-build-debug/CMakeFiles/CMakeTmp'


    Feature record: C_FEATURE:1c_function_prototypes
    Feature record: C_FEATURE:1c_restrict
    Feature record: C_FEATURE:0c_static_assert
    Feature record: C_FEATURE:1c_variadic_macros


Detecting C [-std=c90] compiler features compiled with the following output:
Change Dir: /nfs/s-l011/local/vol01/j/jjbiggins/cie/GroupA17/homework/hw3/cmake-build-debug/CMakeFiles/CMakeTmp

Run Build Command:"/usr/bin/gmake" "cmTC_67720/fast"
/usr/bin/gmake -f CMakeFiles/cmTC_67720.dir/build.make CMakeFiles/cmTC_67720.dir/build
gmake[1]: Entering directory '/nfs/s-l011/local/vol01/j/jjbiggins/cie/GroupA17/homework/hw3/cmake-build-debug/CMakeFiles/CMakeTmp'
Building C object CMakeFiles/cmTC_67720.dir/feature_tests.c.obj
/usr/bin/avr-gcc    -std=c90 -o CMakeFiles/cmTC_67720.dir/feature_tests.c.obj   -c /nfs/s-l011/local/vol01/j/jjbiggins/cie/GroupA17/homework/hw3/cmake-build-debug/CMakeFiles/feature_tests.c
Linking C executable cmTC_67720
/nfs/s-l003/local/vol01/usr/css/x86_64/opt/jetbrains/clion-2016.3.2/bin/cmake/bin/cmake -E cmake_link_script CMakeFiles/cmTC_67720.dir/link.txt --verbose=1
/usr/bin/avr-gcc       CMakeFiles/cmTC_67720.dir/feature_tests.c.obj  -o cmTC_67720 
/usr/bin/avr-ld: warning: -z relro ignored.
gmake[1]: Leaving directory '/nfs/s-l011/local/vol01/j/jjbiggins/cie/GroupA17/homework/hw3/cmake-build-debug/CMakeFiles/CMakeTmp'


    Feature record: C_FEATURE:1c_function_prototypes
    Feature record: C_FEATURE:0c_restrict
    Feature record: C_FEATURE:0c_static_assert
    Feature record: C_FEATURE:0c_variadic_macros
